
> my-project@1.0.0 build:production
> npm run build:dev && npm run pack-gltf "C:\\Program Files (x86)\\KTX-Software\\bin"


> my-project@1.0.0 build:dev
> tsc && vite build && npm run copy-files

vite v2.6.4 building for production...
transforming...
✓ 282 modules transformed.
rendering chunks...
dist/assets/cardboard.73d3b9c2.png   198.66 KiB
dist/index.html                      31.42 KiB
dist/assets/index.c20f26d5.css       5.26 KiB / gzip: 1.53 KiB
dist/assets/index.28b3ac6b.js        517.43 KiB / gzip: 143.87 KiB
dist/assets/vendor.7aeb498d.js       1194.53 KiB / gzip: 329.28 KiB

✨ [vite-plugin-compression]:algorithm=gzip - compressed file successfully: 
./dist/assets/index.c20f26d5.css.gz   5.26kb / gzip: 1.53kb
./dist/index.html.gz                  31.42kb / gzip: 1.48kb
./dist/assets/index.28b3ac6b.js.gz    517.44kb / gzip: 143.46kb
./dist/assets/vendor.7aeb498d.js.gz   1194.53kb / gzip: 328.38kb



> my-project@1.0.0 copy-files
> copy-files-from-to

Reading copy instructions from file package.json

Starting copy operation in "default" mode:
 ✓ Copied [binary] assets/DefaultAvatar.glb to dist/assets/DefaultAvatar.glb
 ✓ Copied [binary] assets/scene.glb to dist/assets/scene.glb
 ✓ Copied [ utf8 ] node_modules/@needle-tools/engine/include/console/ConsoleReroute.js to dist/include/console/ConsoleReroute.js
 ✓ Copied [ utf8 ] node_modules/@needle-tools/engine/include/draco/draco_decoder.js to dist/include/draco/draco_decoder.js
 ✓ Copied [binary] node_modules/@needle-tools/engine/include/draco/draco_decoder.wasm to dist/include/draco/draco_decoder.wasm
 ✓ Copied [ utf8 ] node_modules/@needle-tools/engine/include/ktx2/basis_transcoder.js to dist/include/ktx2/basis_transcoder.js
 ✓ Copied [binary] node_modules/@needle-tools/engine/include/ktx2/basis_transcoder.wasm to dist/include/ktx2/basis_transcoder.wasm
 ✓ Copied [ utf8 ] node_modules/@needle-tools/engine/include/three/ARButton.js to dist/include/three/ARButton.js
 ✓ Copied [ utf8 ] node_modules/@needle-tools/engine/include/three/DragControls.js to dist/include/three/DragControls.js
 ✓ Copied [ utf8 ] node_modules/@needle-tools/engine/include/three/EXT_mesh_gpu_instancing_exporter.js to dist/include/three/EXT_mesh_gpu_instancing_exporter.js
 ✓ Copied [ utf8 ] node_modules/@needle-tools/engine/include/three/VRButton.js to dist/include/three/VRButton.js
 ✓ Copied [binary] node_modules/@needle-tools/engine/include/three-mesh-ui-assets/backspace.png to dist/include/three-mesh-ui-assets/backspace.png
 ✓ Copied [binary] node_modules/@needle-tools/engine/include/three-mesh-ui-assets/enter.png to dist/include/three-mesh-ui-assets/enter.png
 ✓ Copied [binary] node_modules/@needle-tools/engine/include/three-mesh-ui-assets/shift.png to dist/include/three-mesh-ui-assets/shift.png
 ✓ Already exists include/console/ConsoleReroute.js
 ✓ Already exists include/draco/draco_decoder.js
 ✓ Already exists include/draco/draco_decoder.wasm
 ✓ Already exists include/ktx2/basis_transcoder.js
 ✓ Already exists include/ktx2/basis_transcoder.wasm
 ✓ Already exists include/three/ARButton.js
 ✓ Already exists include/three/DragControls.js
 ✓ Already exists include/three/EXT_mesh_gpu_instancing_exporter.js
 ✓ Already exists include/three/VRButton.js
 ✓ Already exists include/three-mesh-ui-assets/backspace.png
 ✓ Already exists include/three-mesh-ui-assets/enter.png
 ✓ Already exists include/three-mesh-ui-assets/shift.png
 ✓ Already exists dist/include/console/ConsoleReroute.js
 ✓ Already exists dist/include/draco/draco_decoder.js
 ✓ Already exists dist/include/draco/draco_decoder.wasm
 ✓ Already exists dist/include/ktx2/basis_transcoder.js
 ✓ Already exists dist/include/ktx2/basis_transcoder.wasm
 ✓ Already exists dist/include/three/ARButton.js
 ✓ Already exists dist/include/three/DragControls.js
 ✓ Already exists dist/include/three/EXT_mesh_gpu_instancing_exporter.js
 ✓ Already exists dist/include/three/VRButton.js
 ✓ Already exists dist/include/three-mesh-ui-assets/backspace.png
 ✓ Already exists dist/include/three-mesh-ui-assets/enter.png
 ✓ Already exists dist/include/three-mesh-ui-assets/shift.png

> my-project@1.0.0 pack-gltf
> npm run pack-gltf --prefix node_modules/@needle-tools/engine "C:\\\\Program Files (x86)\\\\KTX-Software\\\\bin"


> @needle-tools/engine@1.0.0-pre pack-gltf
> node node_modules/@needle-tools/gltf-transform-extensions/index.mjs "C:\\\\\\\\Program Files (x86)\\\\\\\\KTX-Software\\\\\\\\bin"

Failed parsing commandline args
You can define a toktx search path by adding --toktxPath <path> to the command line. The command may appear multiple times
Debug false
Prefix basepath: E:\GIT\botanical-journey\BotanicalJourney\Projects\CollaborativeSandbox
GLB files in E:\GIT\botanical-journey\BotanicalJourney\Projects\CollaborativeSandbox\dist\assets: [
  'E:/GIT/botanical-journey/BotanicalJourney/Projects/CollaborativeSandbox/dist/assets/DefaultAvatar.glb',
  'E:/GIT/botanical-journey/BotanicalJourney/Projects/CollaborativeSandbox/dist/assets/scene.glb'
]
now packing: E:/GIT/botanical-journey/BotanicalJourney/Projects/CollaborativeSandbox/dist/assets/DefaultAvatar.glb
READ NEEDLE_gameobject_data
READ NEEDLE_components
READ NEEDLE_lightmaps
READ NEEDLE_lighting_settings
READ EXT_texture_exr
toktx: Found KTX-Software v4.0.0.
toktx:texture(1/1): Slots → []
[KHR_draco_mesh_compression] Compression options: {"method":1,"encodeSpeed":5,"decodeSpeed":5,"quantizationBits":{"POSITION":14,"NORMAL":10,"COLOR":8,"TEX_COORD":12,"GENERIC":12},"quantizationVolume":"mesh"}
[KHR_draco_mesh_compression] Compressed 2 primitives.
WRITE NEEDLE_gameobject_data
WRITE NEEDLE_components
WRITE NEEDLE_lightmaps
WRITE NEEDLE_lighting_settings
WRITE EXT_texture_exr
packing done E:/GIT/botanical-journey/BotanicalJourney/Projects/CollaborativeSandbox/dist/assets/DefaultAvatar.glb
now packing: E:/GIT/botanical-journey/BotanicalJourney/Projects/CollaborativeSandbox/dist/assets/scene.glb
READ KHR_animation_pointer
READ NEEDLE_techniques_webgl
READ NEEDLE_gameobject_data
READ NEEDLE_components
READ NEEDLE_persistent_assets
READ NEEDLE_lightmaps
READ NEEDLE_lighting_settings
READ EXT_texture_exr
toktx: Found KTX-Software v4.0.0.
toktx:texture(1/17): Slots → []
toktx:texture(2/17): Slots → []
toktx:texture(3/17): Slots → [baseColorTexture]
toktx:texture(4/17): Slots → []
toktx:texture(5/17): Slots → []
toktx:texture(6/17): Slots → []
toktx:texture(7/17): Slots → []
toktx:texture(8/17): Slots → []
toktx:texture(9/17): Slots → []
toktx:texture(10/17): Slots → []
toktx:texture(11/17): Slots → []
toktx:texture(12/17): Slots → []
toktx:texture(13/17): Slots → []
toktx:texture(14/17): Slots → []
toktx:texture(15/17): Slots → []
toktx:texture(16/17): Slots → []
toktx:texture(2/17): Spawning → toktx --genmipmap --bcmp --threads 2 C:\Users\rempel\AppData\Local\Temp\tmp-31784-glTKGY5ixwCB-.ktx2 C:\Users\rempel\AppData\Local\Temp\tmp-31784-tETB9SzogOnn-.png
toktx:texture(3/17): Spawning → toktx --genmipmap --bcmp --threads 2 C:\Users\rempel\AppData\Local\Temp\tmp-31784-QobAqYY1rjYZ-.ktx2 C:\Users\rempel\AppData\Local\Temp\tmp-31784-7eVjD47Mor4a-.png
toktx:texture(4/17): Spawning → toktx --genmipmap --bcmp --threads 2 C:\Users\rempel\AppData\Local\Temp\tmp-31784-1UX1QkcIuDou-.ktx2 C:\Users\rempel\AppData\Local\Temp\tmp-31784-p4Im2uMpjNIo-.png
toktx:texture(5/17): Spawning → toktx --genmipmap --bcmp --threads 2 C:\Users\rempel\AppData\Local\Temp\tmp-31784-47Nb4um5FmHo-.ktx2 C:\Users\rempel\AppData\Local\Temp\tmp-31784-3tNt8OyBAxtN-.png
toktx:texture(6/17): Spawning → toktx --genmipmap --bcmp --threads 2 C:\Users\rempel\AppData\Local\Temp\tmp-31784-mF95pel4YpNL-.ktx2 C:\Users\rempel\AppData\Local\Temp\tmp-31784-8TQH4hSSAsoJ-.png
toktx:texture(7/17): Spawning → toktx --genmipmap --bcmp --threads 2 C:\Users\rempel\AppData\Local\Temp\tmp-31784-A14XARWfInjl-.ktx2 C:\Users\rempel\AppData\Local\Temp\tmp-31784-5BtFwCGnFjuJ-.png
toktx:texture(11/17): Spawning → toktx --genmipmap --bcmp --resize 1536x1536 --threads 2 C:\Users\rempel\AppData\Local\Temp\tmp-31784-CZbytDOpt4UB-.ktx2 C:\Users\rempel\AppData\Local\Temp\tmp-31784-73goc0A8LVtr-.png
toktx:texture(14/17): Spawning → toktx --genmipmap --bcmp --threads 2 C:\Users\rempel\AppData\Local\Temp\tmp-31784-15GUe0Fox5Jx-.ktx2 C:\Users\rempel\AppData\Local\Temp\tmp-31784-K6ep3d2ZQEnW-.png
toktx:texture(12/17): Spawning → toktx --genmipmap --bcmp --threads 2 C:\Users\rempel\AppData\Local\Temp\tmp-31784-UUGIOofjs6Sk-.ktx2 C:\Users\rempel\AppData\Local\Temp\tmp-31784-7IBqTTSFjKk6-.png
toktx:texture(15/17): Spawning → toktx --genmipmap --bcmp --threads 2 C:\Users\rempel\AppData\Local\Temp\tmp-31784-NcbjU3EJnMhV-.ktx2 C:\Users\rempel\AppData\Local\Temp\tmp-31784-whycNopcp65S-.png
toktx:texture(16/17): Spawning → toktx --genmipmap --bcmp --threads 2 C:\Users\rempel\AppData\Local\Temp\tmp-31784-CcfNB1X400Ax-.ktx2 C:\Users\rempel\AppData\Local\Temp\tmp-31784-KTRpsRW0kZUK-.png
toktx:texture(1/17): Spawning → toktx --genmipmap --bcmp --threads 2 C:\Users\rempel\AppData\Local\Temp\tmp-31784-t5Su9FVamqwc-.ktx2 C:\Users\rempel\AppData\Local\Temp\tmp-31784-H6TCs6LZsusT-.png
toktx:texture(8/17): Spawning → toktx --genmipmap --bcmp --threads 2 C:\Users\rempel\AppData\Local\Temp\tmp-31784-zoQ1gg8RDcQi-.ktx2 C:\Users\rempel\AppData\Local\Temp\tmp-31784-w4eTs8CQC6bo-.png
toktx:texture(9/17): Spawning → toktx --genmipmap --bcmp --threads 2 C:\Users\rempel\AppData\Local\Temp\tmp-31784-yC8mu9pRzWEo-.ktx2 C:\Users\rempel\AppData\Local\Temp\tmp-31784-eiOq19U7VwLq-.png
toktx:texture(10/17): Spawning → toktx --genmipmap --bcmp --threads 2 C:\Users\rempel\AppData\Local\Temp\tmp-31784-tyXcaxy3lG5r-.ktx2 C:\Users\rempel\AppData\Local\Temp\tmp-31784-5TSimGbJZyJe-.png
toktx:texture(13/17): Spawning → toktx --genmipmap --bcmp --threads 2 C:\Users\rempel\AppData\Local\Temp\tmp-31784-MlYI66c7yRHn-.ktx2 C:\Users\rempel\AppData\Local\Temp\tmp-31784-2CailIpfTcH3-.png
toktx:texture(2/17): 80 Bytes → 475 Bytes bytes
toktx:texture(17/17): Slots → []
toktx:texture(4/17): 54.6 KB → 13.24 KB bytes
toktx:texture(3/17): 54.6 KB → 13.24 KB bytes
toktx:texture(6/17): 289.52 KB → 58.77 KB bytes
toktx:texture(14/17): 140.07 KB → 33.94 KB bytes
toktx:texture(7/17): 176.75 KB → 44.39 KB bytes
toktx:texture(15/17): 172.43 KB → 44.03 KB bytes
toktx:texture(16/17): 309.72 KB → 64.79 KB bytes
toktx:texture(5/17): 222.16 KB → 47.37 KB bytes
toktx:texture(12/17): 452.44 KB → 90.65 KB bytes
toktx:texture(8/17): 526.31 KB → 103.26 KB bytes
toktx:texture(13/17): 1.13 MB → 155.86 KB bytes
toktx:texture(10/17): 1.15 MB → 147.07 KB bytes
toktx:texture(1/17): 754.44 KB → 111.17 KB bytes
toktx:texture(11/17): 389.33 KB → 82.08 KB bytes
toktx:texture(9/17): 1.14 MB → 162.67 KB bytes
[KHR_draco_mesh_compression] Compression options: {"method":1,"encodeSpeed":5,"decodeSpeed":5,"quantizationBits":{"POSITION":14,"NORMAL":10,"COLOR":8,"TEX_COORD":12,"GENERIC":12},"quantizationVolume":"mesh"}
[KHR_draco_mesh_compression] Compressed 31 primitives.
WRITE KHR_animation_pointer
WRITE NEEDLE_techniques_webgl
WRITE NEEDLE_gameobject_data
WRITE NEEDLE_components
WRITE NEEDLE_persistent_assets
WRITE NEEDLE_lightmaps
WRITE NEEDLE_lighting_settings
WRITE EXT_texture_exr
packing done E:/GIT/botanical-journey/BotanicalJourney/Projects/CollaborativeSandbox/dist/assets/scene.glb
